104527 - 812.5
103285 - -92.3092
105147 - -68.3732
106415 - -18.6097
105572 - -93.9152
105051 - -36.8964
105311 - 64.1289
103852 - -35.6909
104468 - 363.317
104022 - -350.958
106210 - -271.065
106034 - -4.84431
104871 - -268.691
105032 - -149.414
104180 - -23.6152
104731 - 433.045
105332 - 10.2206
105777 - 87.8286
104571 - 8.66929
104269 - -280.423
106401 - -67.293
105077 - -279.256
105138 - 186.42
104755 - 408.106
105227 - 203.656
105385 - -161.519
105449 - 102.17
106071 - 134.131
105023 - -213.579
105238 - -175.8
105453 - 1016.02
106432 - -247.241
100644 - -106.468
144707 - -1.25463
104597 - -162.986
103813 - -188.624
105936 - -120.88
105357 - -73.4083
103794 - -219.851
104999 - -55.9597
106058 - 251.782
105807 - -271.477
106045 - -106.073
104919 - 37.0397
109739 - -1.79191
106423 - -195.401
105643 - -130.19
105302 - 0.137522
104327 - -96.5041
105173 - -183.078
104607 - 867.718
105542 - -13.9442
103893 - -202.294
105401 - -0.593901
104259 - 17.7773
105053 - -224.833
105583 - -162.302
111513 - -1.60088
104890 - -218.908
105341 - -11.6702
105373 - -38.4512
104926 - -41.0128
106000 - -65.4556
104586 - -424.073
105888 - -9.01524
104719 - -211.117
105379 - -92.6872
106243 - -58.6051
104882 - -51.0903
126094 - -100.895
104792 - 227.914
106233 - 130.096
104312 - -210.061
104542 - 159.397
105676 - 188.056
104229 - -193.28
103333 - 191.581
104660 - -333.634
111577 - -40.5898
103917 - -45.3754
105668 - -86.6308
104545 - 327.822
103990 - -53.5854
104665 - -227.596
105064 - -292.561
105577 - -179.652
103888 - -37.1626
104678 - 35.2305
104330 - -7.95063
105683 - 167.242
106216 - -13.4809
104655 - -102.787
104925 - 2687.04
104918 - 2072.61
104745 - 1525.72
103819 - 1920.69
105585 - -1.20876
105723 - 5.26866
104620 - 70.7808
104424 - -53.6859
105932 - -11.1125
105339 - 2.18178
103997 - 2.10903
104198 - 218.459
105842 - 0.541906
103163 - -30.3751
103607 - 20.905
103970 - 1494.46
104559 - -29.3039
105732 - 31.4868
104273 - -16.9056
106298 - 15.8797
104932 - -20.5855
106148 - 10.1174
105526 - -129.013
105216 - -5.29745
104338 - 128.24
105292 - -25.4393
105062 - -29.1876
105154 - -94.2071
104594 - -97.286
144719 - 4.61827
105916 - 27.6986
111200 - -6.47366
105217 - -3.08913
103656 - 22.2154
105575 - -38.9014
104947 - 14.4446
104868 - -42.3173
105208 - -173.154
104593 - -28.2423
117356 - -14.2731
104873 - -3.47642
103781 - 2.89117
106043 - -140.051
104797 - 39.7224
104471 - -1.46448
104979 - -40.2828
103720 - -17.3569
111202 - 56.1787
104386 - -7.46188
105655 - 1.97348
105641 - 3.75677
104534 - 4.6861
106281 - 4.95498
104547 - 2.70227
105041 - -49.9379
105441 - 3.11692
106291 - 3.41851
104252 - -14.3667
104563 - -16.0651
104672 - -0.692687
105065 - -53.4256
104460 - -44.4055
106378 - -5.69843
105454 - 1.80028
104898 - -63.8498
104268 - -38.5312
103582 - -16.3064
105487 - 2.13124
105074 - -36.3508
105902 - 7.10827
104291 - -95.7812
104997 - -34.7484
111797 - 9.29173
105271 - 6.19381
105589 - 10.3381
104629 - -3.67863
104007 - 1.39322
105952 - 4.75354
105539 - 12.6818
104117 - 1.53008
106032 - -7.54086
106290 - -2.57569
104433 - -10.4173
105229 - 1.41004
106368 - -0.157901
105430 - -10.5801
104308 - 12.7692
126207 - -7.79765
105917 - 3.91142
111506 - -0.0680518
105030 - 11.4776
111460 - -0.0202459
103898 - -7.98324
104735 - -8.00623
103908 - -30.509
104619 - -4.18015
104822 - 1.37244
104500 - 2.42343
105376 - -0.253896
106261 - 1.4141
105992 - -8.11444
106109 - 1.39189
103812 - 3.69908
105223 - 5.49133
104122 - -0.797048
111578 - -0.204114
105733 - 1.33406
105657 - 14.7718
123755 - 3.91551
105137 - -0.090067
105550 - -5.18809
105512 - 3.77772
105269 - 3.87224
105011 - -1.25696
104905 - 1.40443
105826 - 3.76276
103843 - -0.226399
104802 - 1.41029
104945 - -5.62677
126205 - 1.42505
106065 - -12.7269
126152 - 1.40487
104505 - -0.232599
111190 - 3.67102
105026 - 1.37359
105254 - 3.7286
105841 - 1.44031
105132 - -0.1124
110602 - 2.36107
111192 - 1.41938
104216 - -16.0775
106105 - -7.8728
111511 - 1.38235
103401 - 5.63249
104944 - 1.38239
104847 - -0.131278
105270 - 1.39454
105967 - 9.38973
123921 - 1.42118
103565 - -13.5624
106293 - -0.28942
104714 - 2.13038
126203 - 3.7458
104297 - -2.70626
104499 - 2.88985
106362 - -0.220796
105047 - 1.39452
104897 - -0.650563
106026 - 3.03092
104628 - -0.26163
111442 - 1.35399
103188 - 1.44187
105436 - 1.44246
105063 - -0.230989
105872 - -3.78873
105819 - 3.38983
105120 - 1.35212
104535 - 5.38404
104978 - 7.08
105613 - -20.8533
106121 - -10.4653
105099 - 1.36659
104783 - 1.37476
104736 - -20.7648
105985 - 19.1043
111153 - 1.32524
105438 - 19.4109
105943 - 1.38773
106390 - 3.76046
104676 - 1.37935
104112 - 2.21722
106325 - 1.3942
105633 - 1.38266
104467 - 1.4603
104839 - 2.05341
105963 - 3.75586
106234 - 3.777
104907 - -1.16583
104095 - 1.40627
106207 - 1.39589
106005 - 1.39494
104770 - 1.40471
106393 - 2.06753
105671 - 2.2787
104349 - -0.142144
110754 - 1.40855
106138 - 1.38901
105098 - 1.40448
105281 - 1.41172
105325 - 1.41613
103926 - 8.94771
103902 - 4.3915
105015 - 1.4208
103967 - 1.41661
105554 - -0.117895
108786 - -3.47251
105497 - -0.468546
104656 - -1.58242
105899 - -0.119235
105111 - -0.439883
105877 - 6.70307
106232 - -0.105915
105790 - 4.49801
103821 - -0.0563933
106136 - -1.60519
106227 - 1.22485
104810 - 3.60053
105934 - 1.40019
111805 - 3.41722
106381 - 1.3588
105428 - 1.39146
104233 - -0.262999
104952 - -0.154709
104813 - -1.10125
105587 - -0.35706
105450 - 1.42115
104494 - 11.1304
106299 - -0.157872
122548 - 1.38994
105827 - 1.84807
111794 - 1.37618
111575 - 1.43451
103594 - 4.17271
111453 - -0.105988
106247 - 2.90222
104804 - 3.46978
126473 - 3.99927
127326 - 1.33331
106169 - 1.43899
122321 - 3.99846
108748 - 1.33328
105961 - 4.5
145016 - -2.6
106175 - 6.5
109257 - -11.5714
121331 - -2.85366
105334 - 3.50633
105656 - 14.3325
108768 - 1.04242
105541 - 5.89606
108789 - 1.27621
125571 - 6.96706
108763 - 1.3647
105156 - 3.08876
106198 - 6.25173
105853 - -7.41985
106426 - 10.4627
105935 - 1.93577
122669 - -4.54122
121971 - 1.33363
105070 - 7.54043
104763 - -0.475398
105820 - 10.9303
106412 - 1.28575
126204 - 1.3842
106174 - 7.5252
105467 - -0.0396117
144799 - 1.38741
108972 - -1.58925
105490 - 5.59821
108618 - 0.829558
106237 - 5.9999
145022 - 0.999994
104591 - 2.40615
104631 - 5.60348
104604 - 3.92901
134886 - -3.01128
104600 - 3.97554
108717 - 3.99991
108747 - 1.33333
105464 - 4
105566 - 0.333333
104909 - 4.5
103875 - -1
105812 - 0.5
105606 - -2.9
105177 - 2.07143
103529 - 6.87467
121908 - 1.28835
103600 - 9.23681
103499 - 8.26065
120792 - 3.30142
126681 - 1.39058
106150 - 1.41216
108766 - 3.51248
104695 - 5.5933
120401 - 7.83729
105434 - 4.20548
105299 - 12.1326
105909 - -8.58471
106078 - 22.1879
105239 - -0.0164706
106249 - 3.99848
105250 - 1.33328
106033 - 7.24614
106100 - -0.0125568
105759 - -0.0167198
105806 - 4.42798
105626 - 4.40436
111761 - 10.3831
105493 - 0.301474
123983 - 1.24651
121896 - -0.088939
104603 - 1.04826
145023 - -0.74336
108779 - -2.02448
105182 - 3.96428
111167 - -6.33628
108780 - 4.49965
107098 - -0.00803567
106342 - 7.93486
105586 - 1.00902
106220 - 15.2512
111781 - -1.55996
144854 - 1.36496
105954 - 5.77645
105004 - 3.52161
104910 - 3.99983
200270 - 1.33333
105590 - -0.00472259
132566 - 1.31961
122513 - 1.40347
200271 - 1.40483
108761 - 1.40502
200272 - 4.1088
134114 - 1.22271
200273 - 3.48672
133301 - 1.38829
104895 - 3.50022
200274 - 7.06539
105273 - 4
123965 - 1.33333
124063 - 3.60321
127570 - 1.4366
200537 - 3.99947
118591 - 1.33331
111181 - -0.000567389
126646 - 1.4268
